<?xml version="1.0" encoding="UTF-8"?>
<testng-results total="1" passed="1" failed="0" skipped="0">
  <reporter-output>
  </reporter-output>
  <suite started-at="2021-04-20T09:51:04Z" name="Default suite" finished-at="2021-04-20T09:52:38Z" duration-ms="93895">
    <groups>
    </groups>
    <test started-at="2021-04-20T09:51:04Z" name="Default test" finished-at="2021-04-20T09:52:38Z" duration-ms="93895">
      <class name="com.testScript.RegisterationTest_Naidu">
        <test-method is-config="true" signature="startUp()[pri:0, instance:com.testScript.RegisterationTest_Naidu@198d6542]" started-at="2021-04-20T15:21:04Z" name="startUp" finished-at="2021-04-20T15:21:10Z" duration-ms="5895" status="PASS">
          <reporter-output>
          </reporter-output>
        </test-method> <!-- startUp -->
        <test-method signature="register1()[pri:0, instance:com.testScript.RegisterationTest_Naidu@198d6542]" started-at="2021-04-20T15:21:10Z" name="register1" finished-at="2021-04-20T15:22:38Z" duration-ms="88000" status="PASS">
          <reporter-output>
          </reporter-output>
        </test-method> <!-- register1 -->
      </class> <!-- com.testScript.RegisterationTest_Naidu -->
    </test> <!-- Default test -->
  </suite> <!-- Default suite -->
</testng-results>
