<?xml version="1.0" encoding="UTF-8"?>
<testng-results total="1" passed="1" failed="0" skipped="0">
  <reporter-output>
  </reporter-output>
  <suite started-at="2021-04-05T17:34:03Z" name="Default suite" finished-at="2021-04-05T17:35:36Z" duration-ms="92549">
    <groups>
    </groups>
    <test started-at="2021-04-05T17:34:03Z" name="Default test" finished-at="2021-04-05T17:35:36Z" duration-ms="92549">
      <class name="com.TestScript.Ecommerce">
        <test-method is-config="true" signature="startUp()[pri:0, instance:com.TestScript.Ecommerce@7d3d101b]" started-at="2021-04-05T23:03:58Z" name="startUp" finished-at="2021-04-05T23:04:03Z" duration-ms="5679" status="PASS">
          <reporter-output>
          </reporter-output>
        </test-method> <!-- startUp -->
        <test-method signature="shopping()[pri:0, instance:com.TestScript.Ecommerce@7d3d101b]" started-at="2021-04-05T23:04:03Z" name="shopping" finished-at="2021-04-05T23:05:35Z" duration-ms="91777" status="PASS">
          <reporter-output>
          </reporter-output>
        </test-method> <!-- shopping -->
        <test-method is-config="true" signature="tearDown()[pri:0, instance:com.TestScript.Ecommerce@7d3d101b]" started-at="2021-04-05T23:05:35Z" name="tearDown" finished-at="2021-04-05T23:05:36Z" duration-ms="750" status="PASS">
          <reporter-output>
          </reporter-output>
        </test-method> <!-- tearDown -->
      </class> <!-- com.TestScript.Ecommerce -->
    </test> <!-- Default test -->
  </suite> <!-- Default suite -->
</testng-results>
